<?xml version="1.0" encoding="UTF-8"?>
<testng-results ignored="4" total="7" passed="3" failed="0" skipped="0">
  <reporter-output>
  </reporter-output>
  <suite started-at="2022-11-29T07:02:10 EET" name="Suite1" finished-at="2022-11-29T07:03:27 EET" duration-ms="76923">
    <groups>
    </groups>
    <test started-at="2022-11-29T07:02:10 EET" name="Regression1" finished-at="2022-11-29T07:03:27 EET" duration-ms="76923">
      <class name="Tests.MakeOrderTest">
        <test-method signature="order()[pri:0, instance:Tests.MakeOrderTest@69e153c5]" started-at="2022-11-29T07:02:20 EET" name="order" finished-at="2022-11-29T07:02:47 EET" duration-ms="27018" status="PASS">
          <reporter-output>
          </reporter-output>
        </test-method> <!-- order -->
      </class> <!-- Tests.MakeOrderTest -->
      <class name="Tests.CHECKOUTTEST">
        <test-method signature="checkout()[pri:0, instance:Tests.CHECKOUTTEST@173ed316]" started-at="2022-11-29T07:02:47 EET" name="checkout" finished-at="2022-11-29T07:03:27 EET" duration-ms="39991" status="PASS">
          <reporter-output>
          </reporter-output>
        </test-method> <!-- checkout -->
      </class> <!-- Tests.CHECKOUTTEST -->
      <class name="Tests.LoginTEST">
        <test-method is-config="true" signature="openUrl()[pri:0, instance:Tests.LoginTEST@6e9175d8]" started-at="2022-11-29T07:02:10 EET" name="openUrl" finished-at="2022-11-29T07:02:13 EET" duration-ms="3213" status="PASS">
          <reporter-output>
          </reporter-output>
        </test-method> <!-- openUrl -->
        <test-method signature="validlogin()[pri:0, instance:Tests.LoginTEST@6e9175d8]" started-at="2022-11-29T07:02:13 EET" name="validlogin" finished-at="2022-11-29T07:02:20 EET" duration-ms="6364" status="PASS">
          <reporter-output>
          </reporter-output>
        </test-method> <!-- validlogin -->
        <test-method is-config="true" signature="CloseDriver()[pri:0, instance:Tests.LoginTEST@6e9175d8]" started-at="2022-11-29T07:03:27 EET" name="CloseDriver" finished-at="2022-11-29T07:03:27 EET" duration-ms="292" status="PASS">
          <reporter-output>
          </reporter-output>
        </test-method> <!-- CloseDriver -->
      </class> <!-- Tests.LoginTEST -->
    </test> <!-- Regression1 -->
  </suite> <!-- Suite1 -->
</testng-results>
