<?xml version="1.0" encoding="UTF-8"?>
<!-- Generated by org.testng.reporters.JUnitXMLReporter -->
<testsuite ignored="4" hostname="DESKTOP-61ES4FM" failures="0" tests="3" name="Regression1" time="76.923" errors="0" timestamp="2022-11-29T07:03:27 EET">
  <testcase classname="Tests.LoginTEST" name="validlogin" time="6.364"/>
  <testcase classname="Tests.MakeOrderTest" name="order" time="27.018"/>
  <testcase classname="Tests.CHECKOUTTEST" name="checkout" time="39.991"/>
  <testcase classname="Tests.TestsBase" name="@BeforeTest openUrl" time="0.0">
    <ignored/>
  </testcase> <!-- @BeforeTest openUrl -->
  <testcase classname="Tests.TestsBase" name="@AfterTest CloseDriver" time="0.0">
    <ignored/>
  </testcase> <!-- @AfterTest CloseDriver -->
  <testcase classname="Tests.TestsBase" name="@AfterTest CloseDriver" time="0.0">
    <ignored/>
  </testcase> <!-- @AfterTest CloseDriver -->
  <testcase classname="Tests.TestsBase" name="@BeforeTest openUrl" time="0.0">
    <ignored/>
  </testcase> <!-- @BeforeTest openUrl -->
</testsuite> <!-- Regression1 -->
