<?xml version="1.0" encoding="UTF-8"?>
<!-- Generated by org.testng.reporters.JUnitXMLReporter -->
<testsuite ignored="4" hostname="Hala" failures="0" tests="3" name="Regression1" time="86.781" errors="0" timestamp="2022-11-29T20:40:57 EET">
  <testcase classname="Tests.LoginTEST" name="validlogin" time="7.472"/>
  <testcase classname="Tests.MakeOrderTest" name="order" time="28.433"/>
  <testcase classname="Tests.CHECKOUTTEST" name="checkout" time="42.401"/>
  <testcase classname="Tests.TestsBase" name="@BeforeTest openUrl" time="0.0">
    <ignored/>
  </testcase> <!-- @BeforeTest openUrl -->
  <testcase classname="Tests.TestsBase" name="@BeforeTest openUrl" time="0.0">
    <ignored/>
  </testcase> <!-- @BeforeTest openUrl -->
  <testcase classname="Tests.TestsBase" name="@AfterTest CloseDriver" time="0.0">
    <ignored/>
  </testcase> <!-- @AfterTest CloseDriver -->
  <testcase classname="Tests.TestsBase" name="@AfterTest CloseDriver" time="0.0">
    <ignored/>
  </testcase> <!-- @AfterTest CloseDriver -->
</testsuite> <!-- Regression1 -->
